<?xml version="1.0" encoding="UTF-8"?>
<!-- Generated by org.testng.reporters.JUnitReportReporter -->
<testsuite hostname="DESKTOP-T1A9IBN" failures="0" tests="1" name="runnerClass.RunnerIO" time="12.127" errors="0" timestamp="2024-01-06T20:05:17 IST" skipped="0">
  <testcase classname="runnerClass.RunnerIO" name="runScenario" time="12.127"/>
  <system-out/>
</testsuite> <!-- runnerClass.RunnerIO -->
